<?xml version="1.0" encoding="UTF-8"?>
<testng-results ignored="0" total="4" passed="3" failed="1" skipped="0">
  <reporter-output>
  </reporter-output>
  <suite started-at="2022-06-26T21:48:10 EDT" name="Default suite" finished-at="2022-06-26T21:48:19 EDT" duration-ms="9072">
    <groups>
    </groups>
    <test started-at="2022-06-26T21:48:10 EDT" name="Default test" finished-at="2022-06-26T21:48:19 EDT" duration-ms="9072">
      <class name="testNGListener.ScreenShotTest">
        <test-method is-config="true" signature="setUp()[pri:0, instance:testNGListener.ScreenShotTest@647e447]" started-at="2022-06-26T21:48:10 EDT" name="setUp" finished-at="2022-06-26T21:48:12 EDT" duration-ms="1958" status="PASS">
          <reporter-output>
          </reporter-output>
        </test-method> <!-- setUp -->
        <test-method signature="takeScreenshotTest1()[pri:0, instance:testNGListener.ScreenShotTest@647e447]" started-at="2022-06-26T21:48:12 EDT" name="takeScreenshotTest1" finished-at="2022-06-26T21:48:12 EDT" duration-ms="66" status="PASS">
          <reporter-output>
          </reporter-output>
        </test-method> <!-- takeScreenshotTest1 -->
        <test-method is-config="true" signature="tearDown()[pri:0, instance:testNGListener.ScreenShotTest@647e447]" started-at="2022-06-26T21:48:12 EDT" name="tearDown" finished-at="2022-06-26T21:48:13 EDT" duration-ms="141" status="PASS">
          <reporter-output>
          </reporter-output>
        </test-method> <!-- tearDown -->
        <test-method is-config="true" signature="setUp()[pri:0, instance:testNGListener.ScreenShotTest@647e447]" started-at="2022-06-26T21:48:13 EDT" name="setUp" finished-at="2022-06-26T21:48:14 EDT" duration-ms="1151" status="PASS">
          <reporter-output>
          </reporter-output>
        </test-method> <!-- setUp -->
        <test-method signature="takeScreenshotTest2()[pri:0, instance:testNGListener.ScreenShotTest@647e447]" started-at="2022-06-26T21:48:14 EDT" name="takeScreenshotTest2" finished-at="2022-06-26T21:48:14 EDT" duration-ms="41" status="PASS">
          <reporter-output>
          </reporter-output>
        </test-method> <!-- takeScreenshotTest2 -->
        <test-method is-config="true" signature="tearDown()[pri:0, instance:testNGListener.ScreenShotTest@647e447]" started-at="2022-06-26T21:48:14 EDT" name="tearDown" finished-at="2022-06-26T21:48:14 EDT" duration-ms="116" status="PASS">
          <reporter-output>
          </reporter-output>
        </test-method> <!-- tearDown -->
        <test-method is-config="true" signature="setUp()[pri:0, instance:testNGListener.ScreenShotTest@647e447]" started-at="2022-06-26T21:48:14 EDT" name="setUp" finished-at="2022-06-26T21:48:15 EDT" duration-ms="1157" status="PASS">
          <reporter-output>
          </reporter-output>
        </test-method> <!-- setUp -->
        <test-method signature="takeScreenshotTest3()[pri:0, instance:testNGListener.ScreenShotTest@647e447]" started-at="2022-06-26T21:48:15 EDT" name="takeScreenshotTest3" finished-at="2022-06-26T21:48:17 EDT" duration-ms="1550" status="PASS">
          <reporter-output>
          </reporter-output>
        </test-method> <!-- takeScreenshotTest3 -->
        <test-method is-config="true" signature="tearDown()[pri:0, instance:testNGListener.ScreenShotTest@647e447]" started-at="2022-06-26T21:48:17 EDT" name="tearDown" finished-at="2022-06-26T21:48:17 EDT" duration-ms="132" status="PASS">
          <reporter-output>
          </reporter-output>
        </test-method> <!-- tearDown -->
        <test-method is-config="true" signature="setUp()[pri:0, instance:testNGListener.ScreenShotTest@647e447]" started-at="2022-06-26T21:48:17 EDT" name="setUp" finished-at="2022-06-26T21:48:19 EDT" duration-ms="1350" status="PASS">
          <reporter-output>
          </reporter-output>
        </test-method> <!-- setUp -->
        <test-method signature="takeScreenshotTest4()[pri:0, instance:testNGListener.ScreenShotTest@647e447]" started-at="2022-06-26T21:48:19 EDT" name="takeScreenshotTest4" finished-at="2022-06-26T21:48:19 EDT" duration-ms="25" status="FAIL">
          <exception class="org.openqa.selenium.NoSuchElementException">
            <message>
              <![CDATA[no such element: Unable to locate element: {"method":"xpath","selector":"//input[@val='10']"}
  (Session info: chrome=102.0.5005.115)
For documentation on this error, please visit: https://selenium.dev/exceptions/#no_such_element
Build info: version: '4.2.1', revision: 'ac4d0fdd4a'
System info: host: 'DESKTOP-D6DO249', ip: '10.0.0.211', os.name: 'Windows 11', os.arch: 'amd64', os.version: '10.0', java.version: '18'
Driver info: org.openqa.selenium.chrome.ChromeDriver
Command: [14d3e8d8f4e77629b157c782525991f0, findElement {using=xpath, value=//input[@val='10']}]
Capabilities {acceptInsecureCerts: false, browserName: chrome, browserVersion: 102.0.5005.115, chrome: {chromedriverVersion: 102.0.5005.61 (0e59bcc00cc4..., userDataDir: C:\Users\mS\AppData\Local\T...}, goog:chromeOptions: {debuggerAddress: localhost:53774}, networkConnectionEnabled: false, pageLoadStrategy: normal, platformName: WINDOWS, proxy: Proxy(), se:cdp: ws://localhost:53774/devtoo..., se:cdpVersion: 102.0.5005.115, setWindowRect: true, strictFileInteractability: false, timeouts: {implicit: 0, pageLoad: 300000, script: 30000}, unhandledPromptBehavior: dismiss and notify, webauthn:extension:credBlob: true, webauthn:extension:largeBlob: true, webauthn:virtualAuthenticators: true}
Session ID: 14d3e8d8f4e77629b157c782525991f0]]>
            </message>
            <full-stacktrace>
              <![CDATA[org.openqa.selenium.NoSuchElementException: no such element: Unable to locate element: {"method":"xpath","selector":"//input[@val='10']"}
  (Session info: chrome=102.0.5005.115)
For documentation on this error, please visit: https://selenium.dev/exceptions/#no_such_element
Build info: version: '4.2.1', revision: 'ac4d0fdd4a'
System info: host: 'DESKTOP-D6DO249', ip: '10.0.0.211', os.name: 'Windows 11', os.arch: 'amd64', os.version: '10.0', java.version: '18'
Driver info: org.openqa.selenium.chrome.ChromeDriver
Command: [14d3e8d8f4e77629b157c782525991f0, findElement {using=xpath, value=//input[@val='10']}]
Capabilities {acceptInsecureCerts: false, browserName: chrome, browserVersion: 102.0.5005.115, chrome: {chromedriverVersion: 102.0.5005.61 (0e59bcc00cc4..., userDataDir: C:\Users\mS\AppData\Local\T...}, goog:chromeOptions: {debuggerAddress: localhost:53774}, networkConnectionEnabled: false, pageLoadStrategy: normal, platformName: WINDOWS, proxy: Proxy(), se:cdp: ws://localhost:53774/devtoo..., se:cdpVersion: 102.0.5005.115, setWindowRect: true, strictFileInteractability: false, timeouts: {implicit: 0, pageLoad: 300000, script: 30000}, unhandledPromptBehavior: dismiss and notify, webauthn:extension:credBlob: true, webauthn:extension:largeBlob: true, webauthn:virtualAuthenticators: true}
Session ID: 14d3e8d8f4e77629b157c782525991f0
at java.base/jdk.internal.reflect.DirectConstructorHandleAccessor.newInstance(DirectConstructorHandleAccessor.java:67)
at java.base/java.lang.reflect.Constructor.newInstanceWithCaller(Constructor.java:499)
at java.base/java.lang.reflect.Constructor.newInstance(Constructor.java:483)
at org.openqa.selenium.remote.codec.w3c.W3CHttpResponseCodec.createException(W3CHttpResponseCodec.java:200)
at org.openqa.selenium.remote.codec.w3c.W3CHttpResponseCodec.decode(W3CHttpResponseCodec.java:133)
at org.openqa.selenium.remote.codec.w3c.W3CHttpResponseCodec.decode(W3CHttpResponseCodec.java:53)
at org.openqa.selenium.remote.HttpCommandExecutor.execute(HttpCommandExecutor.java:184)
at org.openqa.selenium.remote.service.DriverCommandExecutor.invokeExecute(DriverCommandExecutor.java:167)
at org.openqa.selenium.remote.service.DriverCommandExecutor.execute(DriverCommandExecutor.java:142)
at org.openqa.selenium.remote.RemoteWebDriver.execute(RemoteWebDriver.java:551)
at org.openqa.selenium.remote.ElementLocation$ElementFinder$2.findElement(ElementLocation.java:162)
at org.openqa.selenium.remote.ElementLocation.findElement(ElementLocation.java:60)
at org.openqa.selenium.remote.RemoteWebDriver.findElement(RemoteWebDriver.java:369)
at org.openqa.selenium.remote.RemoteWebDriver.findElement(RemoteWebDriver.java:361)
at testNGListener.ScreenShotTest.takeScreenshotTest4(ScreenShotTest.java:44)
at java.base/jdk.internal.reflect.DirectMethodHandleAccessor.invoke(DirectMethodHandleAccessor.java:104)
at java.base/java.lang.reflect.Method.invoke(Method.java:577)
at org.testng.internal.MethodInvocationHelper.invokeMethod(MethodInvocationHelper.java:133)
at org.testng.internal.TestInvoker.invokeMethod(TestInvoker.java:598)
at org.testng.internal.TestInvoker.invokeTestMethod(TestInvoker.java:173)
at org.testng.internal.MethodRunner.runInSequence(MethodRunner.java:46)
at org.testng.internal.TestInvoker$MethodInvocationAgent.invoke(TestInvoker.java:824)
at org.testng.internal.TestInvoker.invokeTestMethods(TestInvoker.java:146)
at org.testng.internal.TestMethodWorker.invokeTestMethods(TestMethodWorker.java:146)
at org.testng.internal.TestMethodWorker.run(TestMethodWorker.java:128)
at java.base/java.util.ArrayList.forEach(ArrayList.java:1511)
at org.testng.TestRunner.privateRun(TestRunner.java:794)
at org.testng.TestRunner.run(TestRunner.java:596)
at org.testng.SuiteRunner.runTest(SuiteRunner.java:377)
at org.testng.SuiteRunner.runSequentially(SuiteRunner.java:371)
at org.testng.SuiteRunner.privateRun(SuiteRunner.java:332)
at org.testng.SuiteRunner.run(SuiteRunner.java:276)
at org.testng.SuiteRunnerWorker.runSuite(SuiteRunnerWorker.java:53)
at org.testng.SuiteRunnerWorker.run(SuiteRunnerWorker.java:96)
at org.testng.TestNG.runSuitesSequentially(TestNG.java:1212)
at org.testng.TestNG.runSuitesLocally(TestNG.java:1134)
at org.testng.TestNG.runSuites(TestNG.java:1063)
at org.testng.TestNG.run(TestNG.java:1031)
at org.testng.remote.AbstractRemoteTestNG.run(AbstractRemoteTestNG.java:115)
at org.testng.remote.RemoteTestNG.initAndRun(RemoteTestNG.java:251)
at org.testng.remote.RemoteTestNG.main(RemoteTestNG.java:77)
]]>
            </full-stacktrace>
          </exception> <!-- org.openqa.selenium.NoSuchElementException -->
          <reporter-output>
          </reporter-output>
        </test-method> <!-- takeScreenshotTest4 -->
        <test-method is-config="true" signature="tearDown()[pri:0, instance:testNGListener.ScreenShotTest@647e447]" started-at="2022-06-26T21:48:19 EDT" name="tearDown" finished-at="2022-06-26T21:48:19 EDT" duration-ms="115" status="PASS">
          <reporter-output>
          </reporter-output>
        </test-method> <!-- tearDown -->
      </class> <!-- testNGListener.ScreenShotTest -->
    </test> <!-- Default test -->
  </suite> <!-- Default suite -->
</testng-results>
